<?xml version="1.0" encoding="UTF-8"?>
<!-- Generated by org.testng.reporters.JUnitXMLReporter -->
<testsuite ignored="0" hostname="Gauravs-MacBook-Pro.local" failures="0" tests="4" name="Default test" time="10.295" errors="0" timestamp="2023-09-06T03:33:13 IST">
  <testcase classname="api.test.PetTests" name="testAddPet" time="3.798"/>
  <testcase classname="api.test.PetTests" name="testGetPet" time="2.049"/>
  <testcase classname="api.test.PetTests" name="testUpdatePet" time="2.748"/>
  <testcase classname="api.test.PetTests" name="testDeletePet" time="1.554"/>
</testsuite> <!-- Default test -->
