<?xml version="1.0" encoding="UTF-8"?>
<testng-results ignored="0" total="14" passed="14" failed="0" skipped="0">
  <reporter-output>
  </reporter-output>
  <suite started-at="2023-09-06T19:21:52 IST" name="PetSuite" finished-at="2023-09-06T19:22:19 IST" duration-ms="27589">
    <groups>
    </groups>
    <test started-at="2023-09-06T19:21:52 IST" name="PetStoreTest" finished-at="2023-09-06T19:22:19 IST" duration-ms="27589">
      <class name="api.test.AssignmentScenariosTests">
        <test-method is-config="true" signature="setupData()[pri:0, instance:api.test.AssignmentScenariosTests@59af0466]" started-at="2023-09-06T19:22:15 IST" name="setupData" finished-at="2023-09-06T19:22:15 IST" duration-ms="6" status="PASS">
          <reporter-output>
          </reporter-output>
        </test-method> <!-- setupData -->
        <test-method signature="testScenario1()[pri:1, instance:api.test.AssignmentScenariosTests@59af0466]" started-at="2023-09-06T19:22:15 IST" name="testScenario1" finished-at="2023-09-06T19:22:16 IST" duration-ms="1442" status="PASS">
          <reporter-output>
          </reporter-output>
        </test-method> <!-- testScenario1 -->
        <test-method signature="testUpdatePet()[pri:2, instance:api.test.AssignmentScenariosTests@59af0466]" started-at="2023-09-06T19:22:16 IST" name="testUpdatePet" finished-at="2023-09-06T19:22:19 IST" duration-ms="3001" status="PASS">
          <reporter-output>
          </reporter-output>
        </test-method> <!-- testUpdatePet -->
      </class> <!-- api.test.AssignmentScenariosTests -->
      <class name="api.test.UserTests">
        <test-method is-config="true" signature="setupData()[pri:0, instance:api.test.UserTests@3a6bb9bf]" started-at="2023-09-06T19:21:52 IST" name="setupData" finished-at="2023-09-06T19:21:52 IST" duration-ms="168" status="PASS">
          <reporter-output>
          </reporter-output>
        </test-method> <!-- setupData -->
        <test-method signature="testCreateUser()[pri:1, instance:api.test.UserTests@3a6bb9bf]" started-at="2023-09-06T19:21:52 IST" name="testCreateUser" finished-at="2023-09-06T19:21:56 IST" duration-ms="3157" status="PASS">
          <reporter-output>
          </reporter-output>
        </test-method> <!-- testCreateUser -->
        <test-method signature="testGetUser()[pri:2, instance:api.test.UserTests@3a6bb9bf]" started-at="2023-09-06T19:21:56 IST" name="testGetUser" finished-at="2023-09-06T19:21:57 IST" duration-ms="1462" status="PASS">
          <reporter-output>
          </reporter-output>
        </test-method> <!-- testGetUser -->
        <test-method signature="testUpdateUser()[pri:3, instance:api.test.UserTests@3a6bb9bf]" started-at="2023-09-06T19:21:57 IST" name="testUpdateUser" finished-at="2023-09-06T19:22:00 IST" duration-ms="2845" status="PASS">
          <reporter-output>
          </reporter-output>
        </test-method> <!-- testUpdateUser -->
        <test-method signature="testDeleteUser()[pri:4, instance:api.test.UserTests@3a6bb9bf]" started-at="2023-09-06T19:22:00 IST" name="testDeleteUser" finished-at="2023-09-06T19:22:01 IST" duration-ms="1392" status="PASS">
          <reporter-output>
          </reporter-output>
        </test-method> <!-- testDeleteUser -->
      </class> <!-- api.test.UserTests -->
      <class name="api.test.PetTests">
        <test-method is-config="true" signature="setupData()[pri:0, instance:api.test.PetTests@65f095f8]" started-at="2023-09-06T19:22:08 IST" name="setupData" finished-at="2023-09-06T19:22:08 IST" duration-ms="14" status="PASS">
          <reporter-output>
          </reporter-output>
        </test-method> <!-- setupData -->
        <test-method signature="testAddPet()[pri:1, instance:api.test.PetTests@65f095f8]" started-at="2023-09-06T19:22:08 IST" name="testAddPet" finished-at="2023-09-06T19:22:09 IST" duration-ms="1438" status="PASS">
          <reporter-output>
          </reporter-output>
        </test-method> <!-- testAddPet -->
        <test-method signature="testGetPet()[pri:2, instance:api.test.PetTests@65f095f8]" started-at="2023-09-06T19:22:09 IST" name="testGetPet" finished-at="2023-09-06T19:22:11 IST" duration-ms="1379" status="PASS">
          <reporter-output>
          </reporter-output>
        </test-method> <!-- testGetPet -->
        <test-method signature="testUpdatePet()[pri:3, instance:api.test.PetTests@65f095f8]" started-at="2023-09-06T19:22:11 IST" name="testUpdatePet" finished-at="2023-09-06T19:22:14 IST" duration-ms="3102" status="PASS">
          <reporter-output>
          </reporter-output>
        </test-method> <!-- testUpdatePet -->
        <test-method signature="testDeletePet()[pri:4, instance:api.test.PetTests@65f095f8]" started-at="2023-09-06T19:22:14 IST" name="testDeletePet" finished-at="2023-09-06T19:22:15 IST" duration-ms="1386" status="PASS">
          <reporter-output>
          </reporter-output>
        </test-method> <!-- testDeletePet -->
      </class> <!-- api.test.PetTests -->
      <class name="api.test.StoreTests">
        <test-method is-config="true" signature="setupData()[pri:0, instance:api.test.StoreTests@34f7cfd9]" started-at="2023-09-06T19:22:01 IST" name="setupData" finished-at="2023-09-06T19:22:01 IST" duration-ms="8" status="PASS">
          <reporter-output>
          </reporter-output>
        </test-method> <!-- setupData -->
        <test-method signature="testPlaceOrder()[pri:1, instance:api.test.StoreTests@34f7cfd9]" started-at="2023-09-06T19:22:01 IST" name="testPlaceOrder" finished-at="2023-09-06T19:22:03 IST" duration-ms="1909" status="PASS">
          <reporter-output>
          </reporter-output>
        </test-method> <!-- testPlaceOrder -->
        <test-method signature="testGetOrderDetails()[pri:2, instance:api.test.StoreTests@34f7cfd9]" started-at="2023-09-06T19:22:03 IST" name="testGetOrderDetails" finished-at="2023-09-06T19:22:05 IST" duration-ms="1409" status="PASS">
          <reporter-output>
          </reporter-output>
        </test-method> <!-- testGetOrderDetails -->
        <test-method signature="testDeleteOrder()[pri:3, instance:api.test.StoreTests@34f7cfd9]" started-at="2023-09-06T19:22:05 IST" name="testDeleteOrder" finished-at="2023-09-06T19:22:06 IST" duration-ms="1561" status="PASS">
          <reporter-output>
          </reporter-output>
        </test-method> <!-- testDeleteOrder -->
        <test-method signature="testGetInventory()[pri:4, instance:api.test.StoreTests@34f7cfd9]" started-at="2023-09-06T19:22:06 IST" name="testGetInventory" finished-at="2023-09-06T19:22:08 IST" duration-ms="1550" status="PASS">
          <reporter-output>
          </reporter-output>
        </test-method> <!-- testGetInventory -->
      </class> <!-- api.test.StoreTests -->
    </test> <!-- PetStoreTest -->
  </suite> <!-- PetSuite -->
</testng-results>
