<?xml version="1.0" encoding="UTF-8"?>
<!-- Generated by org.testng.reporters.JUnitXMLReporter -->
<testsuite ignored="0" hostname="Gauravs-MacBook-Pro.local" failures="0" tests="14" name="PetStoreTest" time="27.589" errors="0" timestamp="2023-09-06T19:22:24 IST">
  <testcase classname="api.test.UserTests" name="testCreateUser" time="3.157"/>
  <testcase classname="api.test.UserTests" name="testGetUser" time="1.462"/>
  <testcase classname="api.test.UserTests" name="testUpdateUser" time="2.845"/>
  <testcase classname="api.test.UserTests" name="testDeleteUser" time="1.392"/>
  <testcase classname="api.test.StoreTests" name="testPlaceOrder" time="1.909"/>
  <testcase classname="api.test.StoreTests" name="testGetOrderDetails" time="1.409"/>
  <testcase classname="api.test.StoreTests" name="testDeleteOrder" time="1.561"/>
  <testcase classname="api.test.StoreTests" name="testGetInventory" time="1.55"/>
  <testcase classname="api.test.PetTests" name="testAddPet" time="1.438"/>
  <testcase classname="api.test.PetTests" name="testGetPet" time="1.379"/>
  <testcase classname="api.test.PetTests" name="testUpdatePet" time="3.102"/>
  <testcase classname="api.test.PetTests" name="testDeletePet" time="1.386"/>
  <testcase classname="api.test.AssignmentScenariosTests" name="testScenario1" time="1.442"/>
  <testcase classname="api.test.AssignmentScenariosTests" name="testUpdatePet" time="3.001"/>
</testsuite> <!-- PetStoreTest -->
