<?xml version="1.0" encoding="UTF-8"?>
<!-- Generated by org.testng.reporters.JUnitXMLReporter -->
<testsuite ignored="0" hostname="Gauravs-MacBook-Pro.local" failures="0" tests="4" name="PetTests" time="10.063" errors="0" timestamp="2023-09-06T00:54:16 IST">
  <testcase classname="api.test.UserTests" name="testCreateUser" time="3.408"/>
  <testcase classname="api.test.UserTests" name="testGetUser" time="1.572"/>
  <testcase classname="api.test.UserTests" name="testUpdateUser" time="3.065"/>
  <testcase classname="api.test.UserTests" name="testDeleteUser" time="1.535"/>
</testsuite> <!-- PetTests -->
